Started GET "/" for ::1 at 2019-07-08 16:47:52 +0900
  
ActiveRecord::NoDatabaseError (Unknown database 'chatspace2_development'):
  
activerecord (5.2.3) lib/active_record/connection_adapters/mysql2_adapter.rb:26:in `rescue in mysql2_connection'
activerecord (5.2.3) lib/active_record/connection_adapters/mysql2_adapter.rb:13:in `mysql2_connection'
activerecord (5.2.3) lib/active_record/connection_adapters/abstract/connection_pool.rb:811:in `new_connection'
activerecord (5.2.3) lib/active_record/connection_adapters/abstract/connection_pool.rb:855:in `checkout_new_connection'
activerecord (5.2.3) lib/active_record/connection_adapters/abstract/connection_pool.rb:834:in `try_to_checkout_new_connection'
activerecord (5.2.3) lib/active_record/connection_adapters/abstract/connection_pool.rb:795:in `acquire_connection'
activerecord (5.2.3) lib/active_record/connection_adapters/abstract/connection_pool.rb:523:in `checkout'
activerecord (5.2.3) lib/active_record/connection_adapters/abstract/connection_pool.rb:382:in `connection'
activerecord (5.2.3) lib/active_record/connection_adapters/abstract/connection_pool.rb:1014:in `retrieve_connection'
activerecord (5.2.3) lib/active_record/connection_handling.rb:118:in `retrieve_connection'
activerecord (5.2.3) lib/active_record/connection_handling.rb:90:in `connection'
activerecord (5.2.3) lib/active_record/migration.rb:554:in `call'
actionpack (5.2.3) lib/action_dispatch/middleware/callbacks.rb:28:in `block in call'
activesupport (5.2.3) lib/active_support/callbacks.rb:98:in `run_callbacks'
actionpack (5.2.3) lib/action_dispatch/middleware/callbacks.rb:26:in `call'
actionpack (5.2.3) lib/action_dispatch/middleware/executor.rb:14:in `call'
actionpack (5.2.3) lib/action_dispatch/middleware/debug_exceptions.rb:61:in `call'
web-console (3.7.0) lib/web_console/middleware.rb:135:in `call_app'
web-console (3.7.0) lib/web_console/middleware.rb:30:in `block in call'
web-console (3.7.0) lib/web_console/middleware.rb:20:in `catch'
web-console (3.7.0) lib/web_console/middleware.rb:20:in `call'
actionpack (5.2.3) lib/action_dispatch/middleware/show_exceptions.rb:33:in `call'
railties (5.2.3) lib/rails/rack/logger.rb:38:in `call_app'
railties (5.2.3) lib/rails/rack/logger.rb:26:in `block in call'
activesupport (5.2.3) lib/active_support/tagged_logging.rb:71:in `block in tagged'
activesupport (5.2.3) lib/active_support/tagged_logging.rb:28:in `tagged'
activesupport (5.2.3) lib/active_support/tagged_logging.rb:71:in `tagged'
railties (5.2.3) lib/rails/rack/logger.rb:26:in `call'
sprockets-rails (3.2.1) lib/sprockets/rails/quiet_assets.rb:13:in `call'
actionpack (5.2.3) lib/action_dispatch/middleware/remote_ip.rb:81:in `call'
actionpack (5.2.3) lib/action_dispatch/middleware/request_id.rb:27:in `call'
rack (2.0.7) lib/rack/method_override.rb:22:in `call'
rack (2.0.7) lib/rack/runtime.rb:22:in `call'
activesupport (5.2.3) lib/active_support/cache/strategy/local_cache_middleware.rb:29:in `call'
actionpack (5.2.3) lib/action_dispatch/middleware/executor.rb:14:in `call'
actionpack (5.2.3) lib/action_dispatch/middleware/static.rb:127:in `call'
rack (2.0.7) lib/rack/sendfile.rb:111:in `call'
railties (5.2.3) lib/rails/engine.rb:524:in `call'
puma (3.12.1) lib/puma/configuration.rb:227:in `call'
puma (3.12.1) lib/puma/server.rb:660:in `handle_request'
puma (3.12.1) lib/puma/server.rb:474:in `process_client'
puma (3.12.1) lib/puma/server.rb:334:in `block in run'
puma (3.12.1) lib/puma/thread_pool.rb:135:in `block in spawn_thread'
  [1m[35m (9.7ms)[0m  [1m[35mSET NAMES utf8,  @@SESSION.sql_mode = CONCAT(CONCAT(@@sql_mode, ',STRICT_ALL_TABLES'), ',NO_AUTO_VALUE_ON_ZERO'),  @@SESSION.sql_auto_is_null = 0, @@SESSION.wait_timeout = 2147483[0m
  ↳ /Users/azumi/.rbenv/versions/2.3.1/bin/rake:23
  [1m[35m (0.7ms)[0m  [1m[35mCREATE DATABASE `chatspace2_development` DEFAULT CHARACTER SET `utf8`[0m
  ↳ /Users/azumi/.rbenv/versions/2.3.1/bin/rake:23
  [1m[35m (0.2ms)[0m  [1m[35mSET NAMES utf8,  @@SESSION.sql_mode = CONCAT(CONCAT(@@sql_mode, ',STRICT_ALL_TABLES'), ',NO_AUTO_VALUE_ON_ZERO'),  @@SESSION.sql_auto_is_null = 0, @@SESSION.wait_timeout = 2147483[0m
  ↳ /Users/azumi/.rbenv/versions/2.3.1/bin/rake:23
  [1m[35m (0.7ms)[0m  [1m[35mCREATE DATABASE `chatspace2_test` DEFAULT CHARACTER SET `utf8`[0m
  ↳ /Users/azumi/.rbenv/versions/2.3.1/bin/rake:23
Started GET "/" for ::1 at 2019-07-08 16:49:38 +0900
  [1m[35m (0.3ms)[0m  [1m[35mSET NAMES utf8,  @@SESSION.sql_mode = CONCAT(CONCAT(@@sql_mode, ',STRICT_ALL_TABLES'), ',NO_AUTO_VALUE_ON_ZERO'),  @@SESSION.sql_auto_is_null = 0, @@SESSION.wait_timeout = 2147483[0m
  ↳ /Users/azumi/.rbenv/versions/2.3.1/lib/ruby/gems/2.3.0/gems/activerecord-5.2.3/lib/active_record/log_subscriber.rb:98
Processing by Rails::WelcomeController#index as HTML
  Rendering /Users/azumi/.rbenv/versions/2.3.1/lib/ruby/gems/2.3.0/gems/railties-5.2.3/lib/rails/templates/rails/welcome/index.html.erb
  Rendered /Users/azumi/.rbenv/versions/2.3.1/lib/ruby/gems/2.3.0/gems/railties-5.2.3/lib/rails/templates/rails/welcome/index.html.erb (2.3ms)
Completed 200 OK in 16ms (Views: 5.1ms | ActiveRecord: 0.0ms)


Started GET "/groups/" for ::1 at 2019-07-08 16:49:48 +0900
  
ActionController::RoutingError (No route matches [GET] "/groups"):
  
actionpack (5.2.3) lib/action_dispatch/middleware/debug_exceptions.rb:65:in `call'
web-console (3.7.0) lib/web_console/middleware.rb:135:in `call_app'
web-console (3.7.0) lib/web_console/middleware.rb:30:in `block in call'
web-console (3.7.0) lib/web_console/middleware.rb:20:in `catch'
web-console (3.7.0) lib/web_console/middleware.rb:20:in `call'
actionpack (5.2.3) lib/action_dispatch/middleware/show_exceptions.rb:33:in `call'
railties (5.2.3) lib/rails/rack/logger.rb:38:in `call_app'
railties (5.2.3) lib/rails/rack/logger.rb:26:in `block in call'
activesupport (5.2.3) lib/active_support/tagged_logging.rb:71:in `block in tagged'
activesupport (5.2.3) lib/active_support/tagged_logging.rb:28:in `tagged'
activesupport (5.2.3) lib/active_support/tagged_logging.rb:71:in `tagged'
railties (5.2.3) lib/rails/rack/logger.rb:26:in `call'
sprockets-rails (3.2.1) lib/sprockets/rails/quiet_assets.rb:13:in `call'
actionpack (5.2.3) lib/action_dispatch/middleware/remote_ip.rb:81:in `call'
actionpack (5.2.3) lib/action_dispatch/middleware/request_id.rb:27:in `call'
rack (2.0.7) lib/rack/method_override.rb:22:in `call'
rack (2.0.7) lib/rack/runtime.rb:22:in `call'
activesupport (5.2.3) lib/active_support/cache/strategy/local_cache_middleware.rb:29:in `call'
actionpack (5.2.3) lib/action_dispatch/middleware/executor.rb:14:in `call'
actionpack (5.2.3) lib/action_dispatch/middleware/static.rb:127:in `call'
rack (2.0.7) lib/rack/sendfile.rb:111:in `call'
railties (5.2.3) lib/rails/engine.rb:524:in `call'
puma (3.12.1) lib/puma/configuration.rb:227:in `call'
puma (3.12.1) lib/puma/server.rb:660:in `handle_request'
puma (3.12.1) lib/puma/server.rb:474:in `process_client'
puma (3.12.1) lib/puma/server.rb:334:in `block in run'
puma (3.12.1) lib/puma/thread_pool.rb:135:in `block in spawn_thread'
Started GET "/group" for ::1 at 2019-07-08 16:49:55 +0900
  
ActionController::RoutingError (uninitialized constant GroupController):
  
bootsnap (1.4.4) lib/bootsnap/load_path_cache/core_ext/active_support.rb:79:in `block in load_missing_constant'
bootsnap (1.4.4) lib/bootsnap/load_path_cache/core_ext/active_support.rb:8:in `without_bootsnap_cache'
bootsnap (1.4.4) lib/bootsnap/load_path_cache/core_ext/active_support.rb:79:in `rescue in load_missing_constant'
bootsnap (1.4.4) lib/bootsnap/load_path_cache/core_ext/active_support.rb:59:in `load_missing_constant'
activesupport (5.2.3) lib/active_support/inflector/methods.rb:283:in `const_get'
activesupport (5.2.3) lib/active_support/inflector/methods.rb:283:in `block in constantize'
activesupport (5.2.3) lib/active_support/inflector/methods.rb:281:in `each'
activesupport (5.2.3) lib/active_support/inflector/methods.rb:281:in `inject'
activesupport (5.2.3) lib/active_support/inflector/methods.rb:281:in `constantize'
actionpack (5.2.3) lib/action_dispatch/http/request.rb:88:in `controller_class_for'
actionpack (5.2.3) lib/action_dispatch/http/request.rb:81:in `controller_class'
actionpack (5.2.3) lib/action_dispatch/routing/route_set.rb:46:in `controller'
actionpack (5.2.3) lib/action_dispatch/routing/route_set.rb:32:in `serve'
actionpack (5.2.3) lib/action_dispatch/journey/router.rb:52:in `block in serve'
actionpack (5.2.3) lib/action_dispatch/journey/router.rb:35:in `each'
actionpack (5.2.3) lib/action_dispatch/journey/router.rb:35:in `serve'
actionpack (5.2.3) lib/action_dispatch/routing/route_set.rb:840:in `call'
rack (2.0.7) lib/rack/tempfile_reaper.rb:15:in `call'
rack (2.0.7) lib/rack/etag.rb:25:in `call'
rack (2.0.7) lib/rack/conditional_get.rb:25:in `call'
rack (2.0.7) lib/rack/head.rb:12:in `call'
actionpack (5.2.3) lib/action_dispatch/http/content_security_policy.rb:18:in `call'
rack (2.0.7) lib/rack/session/abstract/id.rb:232:in `context'
rack (2.0.7) lib/rack/session/abstract/id.rb:226:in `call'
actionpack (5.2.3) lib/action_dispatch/middleware/cookies.rb:670:in `call'
activerecord (5.2.3) lib/active_record/migration.rb:559:in `call'
actionpack (5.2.3) lib/action_dispatch/middleware/callbacks.rb:28:in `block in call'
activesupport (5.2.3) lib/active_support/callbacks.rb:98:in `run_callbacks'
actionpack (5.2.3) lib/action_dispatch/middleware/callbacks.rb:26:in `call'
actionpack (5.2.3) lib/action_dispatch/middleware/executor.rb:14:in `call'
actionpack (5.2.3) lib/action_dispatch/middleware/debug_exceptions.rb:61:in `call'
web-console (3.7.0) lib/web_console/middleware.rb:135:in `call_app'
web-console (3.7.0) lib/web_console/middleware.rb:30:in `block in call'
web-console (3.7.0) lib/web_console/middleware.rb:20:in `catch'
web-console (3.7.0) lib/web_console/middleware.rb:20:in `call'
actionpack (5.2.3) lib/action_dispatch/middleware/show_exceptions.rb:33:in `call'
railties (5.2.3) lib/rails/rack/logger.rb:38:in `call_app'
railties (5.2.3) lib/rails/rack/logger.rb:26:in `block in call'
activesupport (5.2.3) lib/active_support/tagged_logging.rb:71:in `block in tagged'
activesupport (5.2.3) lib/active_support/tagged_logging.rb:28:in `tagged'
activesupport (5.2.3) lib/active_support/tagged_logging.rb:71:in `tagged'
railties (5.2.3) lib/rails/rack/logger.rb:26:in `call'
sprockets-rails (3.2.1) lib/sprockets/rails/quiet_assets.rb:13:in `call'
actionpack (5.2.3) lib/action_dispatch/middleware/remote_ip.rb:81:in `call'
actionpack (5.2.3) lib/action_dispatch/middleware/request_id.rb:27:in `call'
rack (2.0.7) lib/rack/method_override.rb:22:in `call'
rack (2.0.7) lib/rack/runtime.rb:22:in `call'
activesupport (5.2.3) lib/active_support/cache/strategy/local_cache_middleware.rb:29:in `call'
actionpack (5.2.3) lib/action_dispatch/middleware/executor.rb:14:in `call'
actionpack (5.2.3) lib/action_dispatch/middleware/static.rb:127:in `call'
rack (2.0.7) lib/rack/sendfile.rb:111:in `call'
railties (5.2.3) lib/rails/engine.rb:524:in `call'
puma (3.12.1) lib/puma/configuration.rb:227:in `call'
puma (3.12.1) lib/puma/server.rb:660:in `handle_request'
puma (3.12.1) lib/puma/server.rb:474:in `process_client'
puma (3.12.1) lib/puma/server.rb:334:in `block in run'
puma (3.12.1) lib/puma/thread_pool.rb:135:in `block in spawn_thread'
Started GET "/group" for ::1 at 2019-07-08 16:51:09 +0900
  
ActionController::RoutingError (uninitialized constant GroupController):
  
bootsnap (1.4.4) lib/bootsnap/load_path_cache/core_ext/active_support.rb:79:in `block in load_missing_constant'
bootsnap (1.4.4) lib/bootsnap/load_path_cache/core_ext/active_support.rb:8:in `without_bootsnap_cache'
bootsnap (1.4.4) lib/bootsnap/load_path_cache/core_ext/active_support.rb:79:in `rescue in load_missing_constant'
bootsnap (1.4.4) lib/bootsnap/load_path_cache/core_ext/active_support.rb:59:in `load_missing_constant'
activesupport (5.2.3) lib/active_support/inflector/methods.rb:283:in `const_get'
activesupport (5.2.3) lib/active_support/inflector/methods.rb:283:in `block in constantize'
activesupport (5.2.3) lib/active_support/inflector/methods.rb:281:in `each'
activesupport (5.2.3) lib/active_support/inflector/methods.rb:281:in `inject'
activesupport (5.2.3) lib/active_support/inflector/methods.rb:281:in `constantize'
actionpack (5.2.3) lib/action_dispatch/http/request.rb:88:in `controller_class_for'
actionpack (5.2.3) lib/action_dispatch/http/request.rb:81:in `controller_class'
actionpack (5.2.3) lib/action_dispatch/routing/route_set.rb:46:in `controller'
actionpack (5.2.3) lib/action_dispatch/routing/route_set.rb:32:in `serve'
actionpack (5.2.3) lib/action_dispatch/journey/router.rb:52:in `block in serve'
actionpack (5.2.3) lib/action_dispatch/journey/router.rb:35:in `each'
actionpack (5.2.3) lib/action_dispatch/journey/router.rb:35:in `serve'
actionpack (5.2.3) lib/action_dispatch/routing/route_set.rb:840:in `call'
rack (2.0.7) lib/rack/tempfile_reaper.rb:15:in `call'
rack (2.0.7) lib/rack/etag.rb:25:in `call'
rack (2.0.7) lib/rack/conditional_get.rb:25:in `call'
rack (2.0.7) lib/rack/head.rb:12:in `call'
actionpack (5.2.3) lib/action_dispatch/http/content_security_policy.rb:18:in `call'
rack (2.0.7) lib/rack/session/abstract/id.rb:232:in `context'
rack (2.0.7) lib/rack/session/abstract/id.rb:226:in `call'
actionpack (5.2.3) lib/action_dispatch/middleware/cookies.rb:670:in `call'
activerecord (5.2.3) lib/active_record/migration.rb:559:in `call'
actionpack (5.2.3) lib/action_dispatch/middleware/callbacks.rb:28:in `block in call'
activesupport (5.2.3) lib/active_support/callbacks.rb:98:in `run_callbacks'
actionpack (5.2.3) lib/action_dispatch/middleware/callbacks.rb:26:in `call'
actionpack (5.2.3) lib/action_dispatch/middleware/executor.rb:14:in `call'
actionpack (5.2.3) lib/action_dispatch/middleware/debug_exceptions.rb:61:in `call'
web-console (3.7.0) lib/web_console/middleware.rb:135:in `call_app'
web-console (3.7.0) lib/web_console/middleware.rb:30:in `block in call'
web-console (3.7.0) lib/web_console/middleware.rb:20:in `catch'
web-console (3.7.0) lib/web_console/middleware.rb:20:in `call'
actionpack (5.2.3) lib/action_dispatch/middleware/show_exceptions.rb:33:in `call'
railties (5.2.3) lib/rails/rack/logger.rb:38:in `call_app'
railties (5.2.3) lib/rails/rack/logger.rb:26:in `block in call'
activesupport (5.2.3) lib/active_support/tagged_logging.rb:71:in `block in tagged'
activesupport (5.2.3) lib/active_support/tagged_logging.rb:28:in `tagged'
activesupport (5.2.3) lib/active_support/tagged_logging.rb:71:in `tagged'
railties (5.2.3) lib/rails/rack/logger.rb:26:in `call'
sprockets-rails (3.2.1) lib/sprockets/rails/quiet_assets.rb:13:in `call'
actionpack (5.2.3) lib/action_dispatch/middleware/remote_ip.rb:81:in `call'
actionpack (5.2.3) lib/action_dispatch/middleware/request_id.rb:27:in `call'
rack (2.0.7) lib/rack/method_override.rb:22:in `call'
rack (2.0.7) lib/rack/runtime.rb:22:in `call'
activesupport (5.2.3) lib/active_support/cache/strategy/local_cache_middleware.rb:29:in `call'
actionpack (5.2.3) lib/action_dispatch/middleware/executor.rb:14:in `call'
actionpack (5.2.3) lib/action_dispatch/middleware/static.rb:127:in `call'
rack (2.0.7) lib/rack/sendfile.rb:111:in `call'
railties (5.2.3) lib/rails/engine.rb:524:in `call'
puma (3.12.1) lib/puma/configuration.rb:227:in `call'
puma (3.12.1) lib/puma/server.rb:660:in `handle_request'
puma (3.12.1) lib/puma/server.rb:474:in `process_client'
puma (3.12.1) lib/puma/server.rb:334:in `block in run'
puma (3.12.1) lib/puma/thread_pool.rb:135:in `block in spawn_thread'
Started GET "/group" for ::1 at 2019-07-08 16:52:00 +0900
  [1m[35m (0.3ms)[0m  [1m[35mSET NAMES utf8,  @@SESSION.sql_mode = CONCAT(CONCAT(@@sql_mode, ',STRICT_ALL_TABLES'), ',NO_AUTO_VALUE_ON_ZERO'),  @@SESSION.sql_auto_is_null = 0, @@SESSION.wait_timeout = 2147483[0m
  ↳ /Users/azumi/.rbenv/versions/2.3.1/lib/ruby/gems/2.3.0/gems/activerecord-5.2.3/lib/active_record/log_subscriber.rb:98
  
ActionController::RoutingError (uninitialized constant GroupController):
  
bootsnap (1.4.4) lib/bootsnap/load_path_cache/core_ext/active_support.rb:79:in `block in load_missing_constant'
bootsnap (1.4.4) lib/bootsnap/load_path_cache/core_ext/active_support.rb:8:in `without_bootsnap_cache'
bootsnap (1.4.4) lib/bootsnap/load_path_cache/core_ext/active_support.rb:79:in `rescue in load_missing_constant'
bootsnap (1.4.4) lib/bootsnap/load_path_cache/core_ext/active_support.rb:59:in `load_missing_constant'
activesupport (5.2.3) lib/active_support/inflector/methods.rb:283:in `const_get'
activesupport (5.2.3) lib/active_support/inflector/methods.rb:283:in `block in constantize'
activesupport (5.2.3) lib/active_support/inflector/methods.rb:281:in `each'
activesupport (5.2.3) lib/active_support/inflector/methods.rb:281:in `inject'
activesupport (5.2.3) lib/active_support/inflector/methods.rb:281:in `constantize'
actionpack (5.2.3) lib/action_dispatch/http/request.rb:88:in `controller_class_for'
actionpack (5.2.3) lib/action_dispatch/http/request.rb:81:in `controller_class'
actionpack (5.2.3) lib/action_dispatch/routing/route_set.rb:46:in `controller'
actionpack (5.2.3) lib/action_dispatch/routing/route_set.rb:32:in `serve'
actionpack (5.2.3) lib/action_dispatch/journey/router.rb:52:in `block in serve'
actionpack (5.2.3) lib/action_dispatch/journey/router.rb:35:in `each'
actionpack (5.2.3) lib/action_dispatch/journey/router.rb:35:in `serve'
actionpack (5.2.3) lib/action_dispatch/routing/route_set.rb:840:in `call'
rack (2.0.7) lib/rack/tempfile_reaper.rb:15:in `call'
rack (2.0.7) lib/rack/etag.rb:25:in `call'
rack (2.0.7) lib/rack/conditional_get.rb:25:in `call'
rack (2.0.7) lib/rack/head.rb:12:in `call'
actionpack (5.2.3) lib/action_dispatch/http/content_security_policy.rb:18:in `call'
rack (2.0.7) lib/rack/session/abstract/id.rb:232:in `context'
rack (2.0.7) lib/rack/session/abstract/id.rb:226:in `call'
actionpack (5.2.3) lib/action_dispatch/middleware/cookies.rb:670:in `call'
activerecord (5.2.3) lib/active_record/migration.rb:559:in `call'
actionpack (5.2.3) lib/action_dispatch/middleware/callbacks.rb:28:in `block in call'
activesupport (5.2.3) lib/active_support/callbacks.rb:98:in `run_callbacks'
actionpack (5.2.3) lib/action_dispatch/middleware/callbacks.rb:26:in `call'
actionpack (5.2.3) lib/action_dispatch/middleware/executor.rb:14:in `call'
actionpack (5.2.3) lib/action_dispatch/middleware/debug_exceptions.rb:61:in `call'
web-console (3.7.0) lib/web_console/middleware.rb:135:in `call_app'
web-console (3.7.0) lib/web_console/middleware.rb:30:in `block in call'
web-console (3.7.0) lib/web_console/middleware.rb:20:in `catch'
web-console (3.7.0) lib/web_console/middleware.rb:20:in `call'
actionpack (5.2.3) lib/action_dispatch/middleware/show_exceptions.rb:33:in `call'
railties (5.2.3) lib/rails/rack/logger.rb:38:in `call_app'
railties (5.2.3) lib/rails/rack/logger.rb:26:in `block in call'
activesupport (5.2.3) lib/active_support/tagged_logging.rb:71:in `block in tagged'
activesupport (5.2.3) lib/active_support/tagged_logging.rb:28:in `tagged'
activesupport (5.2.3) lib/active_support/tagged_logging.rb:71:in `tagged'
railties (5.2.3) lib/rails/rack/logger.rb:26:in `call'
sprockets-rails (3.2.1) lib/sprockets/rails/quiet_assets.rb:13:in `call'
actionpack (5.2.3) lib/action_dispatch/middleware/remote_ip.rb:81:in `call'
actionpack (5.2.3) lib/action_dispatch/middleware/request_id.rb:27:in `call'
rack (2.0.7) lib/rack/method_override.rb:22:in `call'
rack (2.0.7) lib/rack/runtime.rb:22:in `call'
activesupport (5.2.3) lib/active_support/cache/strategy/local_cache_middleware.rb:29:in `call'
actionpack (5.2.3) lib/action_dispatch/middleware/executor.rb:14:in `call'
actionpack (5.2.3) lib/action_dispatch/middleware/static.rb:127:in `call'
rack (2.0.7) lib/rack/sendfile.rb:111:in `call'
railties (5.2.3) lib/rails/engine.rb:524:in `call'
puma (3.12.1) lib/puma/configuration.rb:227:in `call'
puma (3.12.1) lib/puma/server.rb:660:in `handle_request'
puma (3.12.1) lib/puma/server.rb:474:in `process_client'
puma (3.12.1) lib/puma/server.rb:334:in `block in run'
puma (3.12.1) lib/puma/thread_pool.rb:135:in `block in spawn_thread'
Started GET "/group" for ::1 at 2019-07-08 16:56:33 +0900
  
ActionController::RoutingError (No route matches [GET] "/group"):
  
actionpack (5.2.3) lib/action_dispatch/middleware/debug_exceptions.rb:65:in `call'
web-console (3.7.0) lib/web_console/middleware.rb:135:in `call_app'
web-console (3.7.0) lib/web_console/middleware.rb:30:in `block in call'
web-console (3.7.0) lib/web_console/middleware.rb:20:in `catch'
web-console (3.7.0) lib/web_console/middleware.rb:20:in `call'
actionpack (5.2.3) lib/action_dispatch/middleware/show_exceptions.rb:33:in `call'
railties (5.2.3) lib/rails/rack/logger.rb:38:in `call_app'
railties (5.2.3) lib/rails/rack/logger.rb:26:in `block in call'
activesupport (5.2.3) lib/active_support/tagged_logging.rb:71:in `block in tagged'
activesupport (5.2.3) lib/active_support/tagged_logging.rb:28:in `tagged'
activesupport (5.2.3) lib/active_support/tagged_logging.rb:71:in `tagged'
railties (5.2.3) lib/rails/rack/logger.rb:26:in `call'
sprockets-rails (3.2.1) lib/sprockets/rails/quiet_assets.rb:13:in `call'
actionpack (5.2.3) lib/action_dispatch/middleware/remote_ip.rb:81:in `call'
actionpack (5.2.3) lib/action_dispatch/middleware/request_id.rb:27:in `call'
rack (2.0.7) lib/rack/method_override.rb:22:in `call'
rack (2.0.7) lib/rack/runtime.rb:22:in `call'
activesupport (5.2.3) lib/active_support/cache/strategy/local_cache_middleware.rb:29:in `call'
actionpack (5.2.3) lib/action_dispatch/middleware/executor.rb:14:in `call'
actionpack (5.2.3) lib/action_dispatch/middleware/static.rb:127:in `call'
rack (2.0.7) lib/rack/sendfile.rb:111:in `call'
railties (5.2.3) lib/rails/engine.rb:524:in `call'
puma (3.12.1) lib/puma/configuration.rb:227:in `call'
puma (3.12.1) lib/puma/server.rb:660:in `handle_request'
puma (3.12.1) lib/puma/server.rb:474:in `process_client'
puma (3.12.1) lib/puma/server.rb:334:in `block in run'
puma (3.12.1) lib/puma/thread_pool.rb:135:in `block in spawn_thread'
Started GET "/groups" for ::1 at 2019-07-08 16:56:46 +0900
Processing by GroupsController#index as HTML
  Rendering groups/index.html.haml within layouts/application
  Rendered groups/index.html.haml within layouts/application (21.7ms)
Completed 200 OK in 276ms (Views: 273.9ms | ActiveRecord: 0.0ms)


Started GET "/groups" for ::1 at 2019-07-08 21:24:48 +0900
  [1m[35m (9.4ms)[0m  [1m[35mSET NAMES utf8,  @@SESSION.sql_mode = CONCAT(CONCAT(@@sql_mode, ',STRICT_ALL_TABLES'), ',NO_AUTO_VALUE_ON_ZERO'),  @@SESSION.sql_auto_is_null = 0, @@SESSION.wait_timeout = 2147483[0m
  ↳ /Users/azumi/.rbenv/versions/2.3.1/lib/ruby/gems/2.3.0/gems/activerecord-5.2.3/lib/active_record/log_subscriber.rb:98
Processing by GroupsController#index as HTML
  Rendering groups/index.html.haml within layouts/application
  Rendered groups/index.html.haml within layouts/application (26.1ms)
Completed 200 OK in 320ms (Views: 310.7ms | ActiveRecord: 0.0ms)


Started GET "/groups" for ::1 at 2019-07-08 21:32:14 +0900
  [1m[35m (0.2ms)[0m  [1m[35mSET NAMES utf8,  @@SESSION.sql_mode = CONCAT(CONCAT(@@sql_mode, ',STRICT_ALL_TABLES'), ',NO_AUTO_VALUE_ON_ZERO'),  @@SESSION.sql_auto_is_null = 0, @@SESSION.wait_timeout = 2147483[0m
  ↳ /Users/azumi/.rbenv/versions/2.3.1/lib/ruby/gems/2.3.0/gems/activerecord-5.2.3/lib/active_record/log_subscriber.rb:98
Processing by GroupsController#index as HTML
  Rendering groups/index.html.haml within layouts/application
  Rendered groups/index.html.haml within layouts/application (18.5ms)
Completed 200 OK in 109ms (Views: 106.9ms | ActiveRecord: 0.0ms)


Started GET "/groups" for ::1 at 2019-07-08 21:33:12 +0900
Processing by GroupsController#index as HTML
  Rendering groups/index.html.haml within layouts/application
  Rendered groups/index.html.haml within layouts/application (26.1ms)
Completed 500 Internal Server Error in 69ms (ActiveRecord: 0.0ms)


  
ActionView::Template::Error (Undefined variable: "$white".):
     5:     %title Chatspace2
     6:     = csrf_meta_tags
     7:     = csp_meta_tag
     8:     = stylesheet_link_tag    'application', media: 'all', 'data-turbolinks-track': 'reload'
     9:     = javascript_include_tag 'application', 'data-turbolinks-track': 'reload'
    10:     
    11:   %body
  
app/assets/stylesheets/main.scss:2
app/views/layouts/application.html.haml:8:in `_app_views_layouts_application_html_haml__599833449463580098_70338149682580'
Started GET "/groups" for ::1 at 2019-07-08 21:33:42 +0900
Processing by GroupsController#index as HTML
  Rendering groups/index.html.haml within layouts/application
  Rendered groups/index.html.haml within layouts/application (15.5ms)
Completed 500 Internal Server Error in 30ms (ActiveRecord: 0.0ms)


  
ActionView::Template::Error (Undefined variable: "$white".):
     5:     %title Chatspace2
     6:     = csrf_meta_tags
     7:     = csp_meta_tag
     8:     = stylesheet_link_tag    'application', media: 'all', 'data-turbolinks-track': 'reload'
     9:     = javascript_include_tag 'application', 'data-turbolinks-track': 'reload'
    10:     
    11:   %body
  
app/assets/stylesheets/main.scss:2
app/views/layouts/application.html.haml:8:in `_app_views_layouts_application_html_haml__599833449463580098_70338159721380'
Started GET "/groups" for ::1 at 2019-07-08 21:34:47 +0900
Processing by GroupsController#index as HTML
  Rendering groups/index.html.haml within layouts/application
  Rendered groups/index.html.haml within layouts/application (14.8ms)
Completed 500 Internal Server Error in 41ms (ActiveRecord: 0.0ms)


  
ActionView::Template::Error (Undefined variable: "$white".):
     5:     %title Chatspace2
     6:     = csrf_meta_tags
     7:     = csp_meta_tag
     8:     = stylesheet_link_tag    'application', media: 'all', 'data-turbolinks-track': 'reload'
     9:     = javascript_include_tag 'application', 'data-turbolinks-track': 'reload'
    10:     
    11:   %body
  
app/assets/stylesheets/main.scss:2
app/views/layouts/application.html.haml:8:in `_app_views_layouts_application_html_haml__599833449463580098_70338149846480'
Started GET "/groups" for ::1 at 2019-07-08 21:34:57 +0900
Processing by GroupsController#index as HTML
  Rendering groups/index.html.haml within layouts/application
  Rendered groups/index.html.haml within layouts/application (17.3ms)
Completed 200 OK in 59ms (Views: 56.8ms | ActiveRecord: 0.0ms)


Started GET "/groups" for ::1 at 2019-07-08 21:37:41 +0900
Processing by GroupsController#index as HTML
  Rendering groups/index.html.haml within layouts/application
  Rendered groups/index.html.haml within layouts/application (23.7ms)
Completed 200 OK in 104ms (Views: 102.3ms | ActiveRecord: 0.0ms)


Started GET "/groups" for ::1 at 2019-07-08 21:38:34 +0900
Processing by GroupsController#index as HTML
  Rendering groups/index.html.haml within layouts/application
  Rendered groups/index.html.haml within layouts/application (16.3ms)
Completed 200 OK in 53ms (Views: 51.2ms | ActiveRecord: 0.0ms)


Started GET "/groups" for ::1 at 2019-07-08 21:40:47 +0900
Processing by GroupsController#index as HTML
  Rendering groups/index.html.haml within layouts/application
  Rendered groups/index.html.haml within layouts/application (13.1ms)
Completed 200 OK in 52ms (Views: 49.9ms | ActiveRecord: 0.0ms)


Started GET "/groups" for ::1 at 2019-07-08 21:45:43 +0900
Processing by GroupsController#index as HTML
  Rendering groups/index.html.haml within layouts/application
  Rendered groups/index.html.haml within layouts/application (12.7ms)
Completed 200 OK in 53ms (Views: 50.7ms | ActiveRecord: 0.0ms)


Started GET "/groups" for ::1 at 2019-07-08 21:48:48 +0900
  [1m[35m (0.2ms)[0m  [1m[35mSET NAMES utf8,  @@SESSION.sql_mode = CONCAT(CONCAT(@@sql_mode, ',STRICT_ALL_TABLES'), ',NO_AUTO_VALUE_ON_ZERO'),  @@SESSION.sql_auto_is_null = 0, @@SESSION.wait_timeout = 2147483[0m
  ↳ /Users/azumi/.rbenv/versions/2.3.1/lib/ruby/gems/2.3.0/gems/activerecord-5.2.3/lib/active_record/log_subscriber.rb:98
Processing by GroupsController#index as HTML
  Rendering groups/index.html.haml within layouts/application
  Rendered groups/index.html.haml within layouts/application (22.3ms)
Completed 200 OK in 351ms (Views: 343.7ms | ActiveRecord: 0.0ms)


Started GET "/groups" for ::1 at 2019-07-08 21:49:16 +0900
Processing by GroupsController#index as HTML
  Rendering groups/index.html.haml within layouts/application
  Rendered groups/index.html.haml within layouts/application (29.0ms)
Completed 200 OK in 96ms (Views: 93.6ms | ActiveRecord: 0.0ms)


Started GET "/groups" for ::1 at 2019-07-08 21:51:11 +0900
Processing by GroupsController#index as HTML
  Rendering groups/index.html.haml within layouts/application
  Rendered groups/index.html.haml within layouts/application (23.0ms)
Completed 200 OK in 84ms (Views: 81.9ms | ActiveRecord: 0.0ms)


Started GET "/groups" for ::1 at 2019-07-08 21:56:32 +0900
Processing by GroupsController#index as HTML
  Rendering groups/index.html.haml within layouts/application
  Rendered groups/index.html.haml within layouts/application (15.4ms)
Completed 200 OK in 67ms (Views: 65.3ms | ActiveRecord: 0.0ms)


Started GET "/groups" for ::1 at 2019-07-08 22:00:58 +0900
Processing by GroupsController#index as HTML
  Rendering groups/index.html.haml within layouts/application
  Rendered groups/index.html.haml within layouts/application (16.7ms)
Completed 200 OK in 77ms (Views: 75.2ms | ActiveRecord: 0.0ms)


Started GET "/groups" for ::1 at 2019-07-08 22:01:28 +0900
Processing by GroupsController#index as HTML
  Rendering groups/index.html.haml within layouts/application
  Rendered groups/index.html.haml within layouts/application (13.9ms)
Completed 200 OK in 37ms (Views: 34.7ms | ActiveRecord: 0.0ms)


Started GET "/groups" for ::1 at 2019-07-08 22:03:35 +0900
Processing by GroupsController#index as HTML
  Rendering groups/index.html.haml within layouts/application
  Rendered groups/index.html.haml within layouts/application (15.5ms)
Completed 200 OK in 75ms (Views: 72.6ms | ActiveRecord: 0.0ms)


Started GET "/groups" for ::1 at 2019-07-08 22:07:17 +0900
Processing by GroupsController#index as HTML
  Rendering groups/index.html.haml within layouts/application
  Rendered groups/index.html.haml within layouts/application (18.5ms)
Completed 200 OK in 83ms (Views: 80.9ms | ActiveRecord: 0.0ms)


Started GET "/groups" for ::1 at 2019-07-08 22:07:27 +0900
Processing by GroupsController#index as HTML
  Rendering groups/index.html.haml within layouts/application
  Rendered groups/index.html.haml within layouts/application (14.0ms)
Completed 200 OK in 78ms (Views: 75.7ms | ActiveRecord: 0.0ms)


Started GET "/groups" for ::1 at 2019-07-08 22:07:44 +0900
Processing by GroupsController#index as HTML
  Rendering groups/index.html.haml within layouts/application
  Rendered groups/index.html.haml within layouts/application (15.2ms)
Completed 200 OK in 82ms (Views: 80.5ms | ActiveRecord: 0.0ms)


Started GET "/groups" for ::1 at 2019-07-08 22:08:01 +0900
Processing by GroupsController#index as HTML
  Rendering groups/index.html.haml within layouts/application
  Rendered groups/index.html.haml within layouts/application (13.8ms)
Completed 200 OK in 78ms (Views: 74.6ms | ActiveRecord: 0.0ms)


Started GET "/groups" for ::1 at 2019-07-08 22:08:47 +0900
Processing by GroupsController#index as HTML
  Rendering groups/index.html.haml within layouts/application
  Rendered groups/index.html.haml within layouts/application (15.6ms)
Completed 200 OK in 82ms (Views: 80.1ms | ActiveRecord: 0.0ms)


Started GET "/groups" for ::1 at 2019-07-08 22:10:41 +0900
Processing by GroupsController#index as HTML
  Rendering groups/index.html.haml within layouts/application
  Rendered groups/index.html.haml within layouts/application (15.4ms)
Completed 200 OK in 75ms (Views: 72.9ms | ActiveRecord: 0.0ms)


Started GET "/groups" for ::1 at 2019-07-08 22:11:30 +0900
Processing by GroupsController#index as HTML
  Rendering groups/index.html.haml within layouts/application
  Rendered groups/index.html.haml within layouts/application (15.8ms)
Completed 200 OK in 80ms (Views: 77.4ms | ActiveRecord: 0.0ms)


Started GET "/groups" for ::1 at 2019-07-08 22:12:07 +0900
Processing by GroupsController#index as HTML
  Rendering groups/index.html.haml within layouts/application
  Rendered groups/index.html.haml within layouts/application (17.7ms)
Completed 200 OK in 80ms (Views: 77.4ms | ActiveRecord: 0.0ms)


Started GET "/groups" for ::1 at 2019-07-08 22:12:36 +0900
Processing by GroupsController#index as HTML
  Rendering groups/index.html.haml within layouts/application
  Rendered groups/index.html.haml within layouts/application (14.3ms)
Completed 200 OK in 75ms (Views: 73.0ms | ActiveRecord: 0.0ms)


Started GET "/groups" for ::1 at 2019-07-08 22:13:01 +0900
Processing by GroupsController#index as HTML
  Rendering groups/index.html.haml within layouts/application
  Rendered groups/index.html.haml within layouts/application (15.1ms)
Completed 200 OK in 44ms (Views: 41.5ms | ActiveRecord: 0.0ms)


Started GET "/groups" for ::1 at 2019-07-08 22:13:13 +0900
Processing by GroupsController#index as HTML
  Rendering groups/index.html.haml within layouts/application
  Rendered groups/index.html.haml within layouts/application (13.9ms)
Completed 200 OK in 76ms (Views: 73.6ms | ActiveRecord: 0.0ms)


Started GET "/groups" for ::1 at 2019-07-08 22:13:55 +0900
Processing by GroupsController#index as HTML
  Rendering groups/index.html.haml within layouts/application
  Rendered groups/index.html.haml within layouts/application (12.3ms)
Completed 200 OK in 77ms (Views: 74.6ms | ActiveRecord: 0.0ms)


Started GET "/groups" for ::1 at 2019-07-08 22:14:03 +0900
Processing by GroupsController#index as HTML
  Rendering groups/index.html.haml within layouts/application
  Rendered groups/index.html.haml within layouts/application (19.9ms)
Completed 200 OK in 82ms (Views: 79.5ms | ActiveRecord: 0.0ms)


Started GET "/groups" for ::1 at 2019-07-08 22:16:09 +0900
Processing by GroupsController#index as HTML
  Rendering groups/index.html.haml within layouts/application
  Rendered groups/index.html.haml within layouts/application (14.4ms)
Completed 200 OK in 80ms (Views: 77.9ms | ActiveRecord: 0.0ms)


Started GET "/groups" for ::1 at 2019-07-08 22:16:49 +0900
Processing by GroupsController#index as HTML
  Rendering groups/index.html.haml within layouts/application
  Rendered groups/index.html.haml within layouts/application (13.2ms)
Completed 200 OK in 91ms (Views: 88.3ms | ActiveRecord: 0.0ms)


Started GET "/groups" for ::1 at 2019-07-08 22:17:20 +0900
Processing by GroupsController#index as HTML
  Rendering groups/index.html.haml within layouts/application
  Rendered groups/index.html.haml within layouts/application (14.5ms)
Completed 200 OK in 89ms (Views: 86.4ms | ActiveRecord: 0.0ms)


Started GET "/groups" for ::1 at 2019-07-08 22:20:40 +0900
Processing by GroupsController#index as HTML
  Rendering groups/index.html.haml within layouts/application
  Rendered groups/index.html.haml within layouts/application (16.0ms)
Completed 200 OK in 85ms (Views: 83.2ms | ActiveRecord: 0.0ms)


Started GET "/groups" for ::1 at 2019-07-08 22:23:11 +0900
Processing by GroupsController#index as HTML
  Rendering groups/index.html.haml within layouts/application
  Rendered groups/index.html.haml within layouts/application (15.4ms)
Completed 200 OK in 82ms (Views: 79.8ms | ActiveRecord: 0.0ms)


Started GET "/groups" for ::1 at 2019-07-08 22:24:53 +0900
Processing by GroupsController#index as HTML
  Rendering groups/index.html.haml within layouts/application
  Rendered groups/index.html.haml within layouts/application (16.6ms)
Completed 200 OK in 94ms (Views: 91.9ms | ActiveRecord: 0.0ms)


Started GET "/groups" for ::1 at 2019-07-08 22:26:16 +0900
Processing by GroupsController#index as HTML
  Rendering groups/index.html.haml within layouts/application
  Rendered groups/index.html.haml within layouts/application (14.6ms)
Completed 200 OK in 82ms (Views: 79.7ms | ActiveRecord: 0.0ms)


Started GET "/groups" for ::1 at 2019-07-08 22:27:03 +0900
Processing by GroupsController#index as HTML
  Rendering groups/index.html.haml within layouts/application
  Rendered groups/index.html.haml within layouts/application (16.4ms)
Completed 200 OK in 91ms (Views: 88.8ms | ActiveRecord: 0.0ms)


Started GET "/groups" for ::1 at 2019-07-08 22:35:38 +0900
  [1m[35m (0.2ms)[0m  [1m[35mSET NAMES utf8,  @@SESSION.sql_mode = CONCAT(CONCAT(@@sql_mode, ',STRICT_ALL_TABLES'), ',NO_AUTO_VALUE_ON_ZERO'),  @@SESSION.sql_auto_is_null = 0, @@SESSION.wait_timeout = 2147483[0m
  ↳ /Users/azumi/.rbenv/versions/2.3.1/lib/ruby/gems/2.3.0/gems/activerecord-5.2.3/lib/active_record/log_subscriber.rb:98
Processing by GroupsController#index as HTML
  Rendering groups/index.html.haml within layouts/application
  Rendered groups/index.html.haml within layouts/application (14.0ms)
Completed 200 OK in 83ms (Views: 80.4ms | ActiveRecord: 0.0ms)


Started GET "/groups" for ::1 at 2019-07-08 22:36:51 +0900
Processing by GroupsController#index as HTML
  Rendering groups/index.html.haml within layouts/application
  Rendered groups/index.html.haml within layouts/application (14.6ms)
Completed 200 OK in 97ms (Views: 94.7ms | ActiveRecord: 0.0ms)


Started GET "/groups" for ::1 at 2019-07-08 22:39:12 +0900
Processing by GroupsController#index as HTML
  Rendering groups/index.html.haml within layouts/application
  Rendered groups/index.html.haml within layouts/application (17.6ms)
Completed 200 OK in 112ms (Views: 110.5ms | ActiveRecord: 0.0ms)


Started GET "/groups" for ::1 at 2019-07-08 22:43:01 +0900
Processing by GroupsController#index as HTML
  Rendering groups/index.html.haml within layouts/application
  Rendered groups/index.html.haml within layouts/application (23.0ms)
Completed 200 OK in 108ms (Views: 105.0ms | ActiveRecord: 0.0ms)


Started GET "/groups" for ::1 at 2019-07-08 22:44:28 +0900
Processing by GroupsController#index as HTML
  Rendering groups/index.html.haml within layouts/application
  Rendered groups/index.html.haml within layouts/application (15.0ms)
Completed 200 OK in 93ms (Views: 91.4ms | ActiveRecord: 0.0ms)


Started GET "/groups" for ::1 at 2019-07-08 22:44:52 +0900
Processing by GroupsController#index as HTML
  Rendering groups/index.html.haml within layouts/application
  Rendered groups/index.html.haml within layouts/application (16.5ms)
Completed 200 OK in 97ms (Views: 94.8ms | ActiveRecord: 0.0ms)


Started GET "/groups" for ::1 at 2019-07-08 22:45:42 +0900
Processing by GroupsController#index as HTML
  Rendering groups/index.html.haml within layouts/application
  Rendered groups/index.html.haml within layouts/application (16.0ms)
Completed 200 OK in 89ms (Views: 87.3ms | ActiveRecord: 0.0ms)


Started GET "/groups" for ::1 at 2019-07-08 22:47:05 +0900
Processing by GroupsController#index as HTML
  Rendering groups/index.html.haml within layouts/application
  Rendered groups/index.html.haml within layouts/application (15.8ms)
Completed 200 OK in 97ms (Views: 95.4ms | ActiveRecord: 0.0ms)


Started GET "/groups" for ::1 at 2019-07-08 22:47:28 +0900
Processing by GroupsController#index as HTML
  Rendering groups/index.html.haml within layouts/application
  Rendered groups/index.html.haml within layouts/application (15.1ms)
Completed 200 OK in 95ms (Views: 93.0ms | ActiveRecord: 0.0ms)


Started GET "/groups" for ::1 at 2019-07-08 22:47:30 +0900
Processing by GroupsController#index as HTML
  Rendering groups/index.html.haml within layouts/application
  Rendered groups/index.html.haml within layouts/application (16.1ms)
Completed 200 OK in 40ms (Views: 38.3ms | ActiveRecord: 0.0ms)


Started GET "/groups" for ::1 at 2019-07-08 22:47:51 +0900
Processing by GroupsController#index as HTML
  Rendering groups/index.html.haml within layouts/application
  Rendered groups/index.html.haml within layouts/application (14.3ms)
Completed 200 OK in 96ms (Views: 94.1ms | ActiveRecord: 0.0ms)


Started GET "/groups" for ::1 at 2019-07-08 22:48:38 +0900
Processing by GroupsController#index as HTML
  Rendering groups/index.html.haml within layouts/application
  Rendered groups/index.html.haml within layouts/application (15.2ms)
Completed 200 OK in 97ms (Views: 94.6ms | ActiveRecord: 0.0ms)


Started GET "/groups" for ::1 at 2019-07-08 22:49:03 +0900
Processing by GroupsController#index as HTML
  Rendering groups/index.html.haml within layouts/application
  Rendered groups/index.html.haml within layouts/application (13.9ms)
Completed 200 OK in 89ms (Views: 87.5ms | ActiveRecord: 0.0ms)


Started GET "/groups" for ::1 at 2019-07-08 22:49:41 +0900
Processing by GroupsController#index as HTML
  Rendering groups/index.html.haml within layouts/application
  Rendered groups/index.html.haml within layouts/application (15.8ms)
Completed 200 OK in 95ms (Views: 93.6ms | ActiveRecord: 0.0ms)


Started GET "/groups" for ::1 at 2019-07-08 22:50:08 +0900
Processing by GroupsController#index as HTML
  Rendering groups/index.html.haml within layouts/application
  Rendered groups/index.html.haml within layouts/application (14.8ms)
Completed 200 OK in 97ms (Views: 89.6ms | ActiveRecord: 0.0ms)


Started GET "/groups" for ::1 at 2019-07-08 22:50:36 +0900
Processing by GroupsController#index as HTML
  Rendering groups/index.html.haml within layouts/application
  Rendered groups/index.html.haml within layouts/application (16.0ms)
Completed 200 OK in 97ms (Views: 94.9ms | ActiveRecord: 0.0ms)


Started GET "/groups" for ::1 at 2019-07-08 22:52:32 +0900
Processing by GroupsController#index as HTML
  Rendering groups/index.html.haml within layouts/application
  Rendered groups/index.html.haml within layouts/application (14.7ms)
Completed 200 OK in 95ms (Views: 93.4ms | ActiveRecord: 0.0ms)


Started GET "/groups" for ::1 at 2019-07-08 22:54:17 +0900
Processing by GroupsController#index as HTML
  Rendering groups/index.html.haml within layouts/application
  Rendered groups/index.html.haml within layouts/application (14.3ms)
Completed 200 OK in 96ms (Views: 93.8ms | ActiveRecord: 0.0ms)


Started GET "/groups" for ::1 at 2019-07-08 22:54:43 +0900
Processing by GroupsController#index as HTML
  Rendering groups/index.html.haml within layouts/application
  Rendered groups/index.html.haml within layouts/application (14.2ms)
Completed 200 OK in 96ms (Views: 93.2ms | ActiveRecord: 0.0ms)


Started GET "/groups" for ::1 at 2019-07-08 22:54:52 +0900
Processing by GroupsController#index as HTML
  Rendering groups/index.html.haml within layouts/application
  Rendered groups/index.html.haml within layouts/application (15.6ms)
Completed 200 OK in 103ms (Views: 100.8ms | ActiveRecord: 0.0ms)


Started GET "/groups" for ::1 at 2019-07-08 22:55:31 +0900
Processing by GroupsController#index as HTML
  Rendering groups/index.html.haml within layouts/application
  Rendered groups/index.html.haml within layouts/application (16.0ms)
Completed 200 OK in 93ms (Views: 91.8ms | ActiveRecord: 0.0ms)


Started GET "/groups" for ::1 at 2019-07-08 22:55:45 +0900
Processing by GroupsController#index as HTML
  Rendering groups/index.html.haml within layouts/application
  Rendered groups/index.html.haml within layouts/application (14.4ms)
Completed 200 OK in 103ms (Views: 99.7ms | ActiveRecord: 0.0ms)


Started GET "/groups" for ::1 at 2019-07-08 22:55:46 +0900
Processing by GroupsController#index as HTML
  Rendering groups/index.html.haml within layouts/application
  Rendered groups/index.html.haml within layouts/application (14.8ms)
Completed 200 OK in 38ms (Views: 36.1ms | ActiveRecord: 0.0ms)


Started GET "/groups" for ::1 at 2019-07-08 22:56:13 +0900
Processing by GroupsController#index as HTML
  Rendering groups/index.html.haml within layouts/application
  Rendered groups/index.html.haml within layouts/application (13.7ms)
Completed 200 OK in 37ms (Views: 34.7ms | ActiveRecord: 0.0ms)


Started GET "/groups" for ::1 at 2019-07-08 22:56:14 +0900
Processing by GroupsController#index as HTML
  Rendering groups/index.html.haml within layouts/application
  Rendered groups/index.html.haml within layouts/application (16.0ms)
Completed 200 OK in 41ms (Views: 39.0ms | ActiveRecord: 0.0ms)


Started GET "/groups" for ::1 at 2019-07-08 22:57:15 +0900
Processing by GroupsController#index as HTML
  Rendering groups/index.html.haml within layouts/application
  Rendered groups/index.html.haml within layouts/application (22.1ms)
Completed 200 OK in 47ms (Views: 45.2ms | ActiveRecord: 0.0ms)


Started GET "/groups" for ::1 at 2019-07-08 22:57:55 +0900
Processing by GroupsController#index as HTML
  Rendering groups/index.html.haml within layouts/application
  Rendered groups/index.html.haml within layouts/application (14.7ms)
Completed 200 OK in 40ms (Views: 37.5ms | ActiveRecord: 0.0ms)


Started GET "/groups" for ::1 at 2019-07-08 23:00:25 +0900
Processing by GroupsController#index as HTML
  Rendering groups/index.html.haml within layouts/application
  Rendered groups/index.html.haml within layouts/application (14.9ms)
Completed 200 OK in 103ms (Views: 99.9ms | ActiveRecord: 0.0ms)


Started GET "/groups" for ::1 at 2019-07-08 23:00:27 +0900
Processing by GroupsController#index as HTML
  Rendering groups/index.html.haml within layouts/application
  Rendered groups/index.html.haml within layouts/application (24.4ms)
Completed 200 OK in 50ms (Views: 47.7ms | ActiveRecord: 0.0ms)


Started GET "/groups" for ::1 at 2019-07-08 23:00:47 +0900
Processing by GroupsController#index as HTML
  Rendering groups/index.html.haml within layouts/application
  Rendered groups/index.html.haml within layouts/application (16.4ms)
Completed 200 OK in 126ms (Views: 123.4ms | ActiveRecord: 0.0ms)


Started GET "/groups" for ::1 at 2019-07-08 23:00:56 +0900
Processing by GroupsController#index as HTML
  Rendering groups/index.html.haml within layouts/application
  Rendered groups/index.html.haml within layouts/application (25.6ms)
Completed 200 OK in 121ms (Views: 119.4ms | ActiveRecord: 0.0ms)


Started GET "/groups" for ::1 at 2019-07-08 23:01:13 +0900
Processing by GroupsController#index as HTML
  Rendering groups/index.html.haml within layouts/application
  Rendered groups/index.html.haml within layouts/application (16.1ms)
Completed 200 OK in 99ms (Views: 97.4ms | ActiveRecord: 0.0ms)


Started GET "/groups" for ::1 at 2019-07-08 23:01:25 +0900
Processing by GroupsController#index as HTML
  Rendering groups/index.html.haml within layouts/application
  Rendered groups/index.html.haml within layouts/application (16.1ms)
Completed 200 OK in 102ms (Views: 99.9ms | ActiveRecord: 0.0ms)


Started GET "/groups" for ::1 at 2019-07-08 23:01:33 +0900
Processing by GroupsController#index as HTML
  Rendering groups/index.html.haml within layouts/application
  Rendered groups/index.html.haml within layouts/application (15.7ms)
Completed 200 OK in 104ms (Views: 101.4ms | ActiveRecord: 0.0ms)


Started GET "/groups" for ::1 at 2019-07-08 23:01:40 +0900
Processing by GroupsController#index as HTML
  Rendering groups/index.html.haml within layouts/application
  Rendered groups/index.html.haml within layouts/application (22.2ms)
Completed 200 OK in 104ms (Views: 102.1ms | ActiveRecord: 0.0ms)


Started GET "/groups" for ::1 at 2019-07-08 23:02:53 +0900
Processing by GroupsController#index as HTML
  Rendering groups/index.html.haml within layouts/application
  Rendered groups/index.html.haml within layouts/application (14.0ms)
Completed 200 OK in 98ms (Views: 95.9ms | ActiveRecord: 0.0ms)


Started GET "/groups" for ::1 at 2019-07-08 23:03:15 +0900
Processing by GroupsController#index as HTML
  Rendering groups/index.html.haml within layouts/application
  Rendered groups/index.html.haml within layouts/application (20.8ms)
Completed 200 OK in 107ms (Views: 104.7ms | ActiveRecord: 0.0ms)


Started GET "/groups" for ::1 at 2019-07-08 23:03:33 +0900
Processing by GroupsController#index as HTML
  Rendering groups/index.html.haml within layouts/application
  Rendered groups/index.html.haml within layouts/application (13.8ms)
Completed 200 OK in 94ms (Views: 91.5ms | ActiveRecord: 0.0ms)


Started GET "/groups" for ::1 at 2019-07-08 23:03:34 +0900
Processing by GroupsController#index as HTML
  Rendering groups/index.html.haml within layouts/application
  Rendered groups/index.html.haml within layouts/application (20.8ms)
Completed 200 OK in 42ms (Views: 40.1ms | ActiveRecord: 0.0ms)


Started GET "/groups" for ::1 at 2019-07-08 23:04:01 +0900
Processing by GroupsController#index as HTML
  Rendering groups/index.html.haml within layouts/application
  Rendered groups/index.html.haml within layouts/application (16.2ms)
Completed 200 OK in 101ms (Views: 98.6ms | ActiveRecord: 0.0ms)


Started GET "/groups" for ::1 at 2019-07-08 23:04:09 +0900
Processing by GroupsController#index as HTML
  Rendering groups/index.html.haml within layouts/application
  Rendered groups/index.html.haml within layouts/application (15.4ms)
Completed 200 OK in 103ms (Views: 100.8ms | ActiveRecord: 0.0ms)


Started GET "/groups" for ::1 at 2019-07-08 23:05:03 +0900
Processing by GroupsController#index as HTML
  Rendering groups/index.html.haml within layouts/application
  Rendered groups/index.html.haml within layouts/application (22.0ms)
Completed 200 OK in 53ms (Views: 50.1ms | ActiveRecord: 0.0ms)


Started GET "/groups" for ::1 at 2019-07-09 13:02:21 +0900
  [1m[35m (6.7ms)[0m  [1m[35mSET NAMES utf8,  @@SESSION.sql_mode = CONCAT(CONCAT(@@sql_mode, ',STRICT_ALL_TABLES'), ',NO_AUTO_VALUE_ON_ZERO'),  @@SESSION.sql_auto_is_null = 0, @@SESSION.wait_timeout = 2147483[0m
  ↳ /Users/azumi/.rbenv/versions/2.3.1/lib/ruby/gems/2.3.0/gems/activerecord-5.2.3/lib/active_record/log_subscriber.rb:98
Processing by GroupsController#index as HTML
  Rendering groups/index.html.haml within layouts/application
  Rendered groups/index.html.haml within layouts/application (26.9ms)
Completed 200 OK in 258ms (Views: 250.0ms | ActiveRecord: 0.0ms)


Started GET "/groups" for ::1 at 2019-07-09 13:06:49 +0900
Processing by GroupsController#index as HTML
  Rendering groups/index.html.haml within layouts/application
  Rendered groups/_side-header.html.haml (3.5ms)
  Rendered groups/index.html.haml within layouts/application (21.2ms)
Completed 200 OK in 46ms (Views: 43.6ms | ActiveRecord: 0.0ms)


Started GET "/groups" for ::1 at 2019-07-09 13:10:35 +0900
Processing by GroupsController#index as HTML
  Rendering groups/index.html.haml within layouts/application
  Rendered groups/_side-header.html.haml (11.1ms)
  Rendered groups/_group.html.haml (3.5ms)
  Rendered groups/index.html.haml within layouts/application (35.0ms)
Completed 200 OK in 70ms (Views: 66.8ms | ActiveRecord: 0.0ms)


Started GET "/groups" for ::1 at 2019-07-09 13:10:59 +0900
Processing by GroupsController#index as HTML
  Rendering groups/index.html.haml within layouts/application
  Rendered groups/_side-header.html.haml (5.4ms)
  Rendered groups/_group.html.haml (3.2ms)
  Rendered groups/_main-header.html.haml (5.8ms)
  Rendered groups/index.html.haml within layouts/application (39.8ms)
Completed 200 OK in 68ms (Views: 64.7ms | ActiveRecord: 0.0ms)


Started GET "/groups" for ::1 at 2019-07-09 13:13:25 +0900
Processing by GroupsController#index as HTML
  Rendering groups/index.html.haml within layouts/application
  Rendered groups/_side-header.html.haml (3.1ms)
  Rendered groups/_group.html.haml (7.8ms)
  Rendered groups/_main-header.html.haml (2.9ms)
  Rendered groups/_message.html.haml (1.9ms)
  Rendered groups/_form.html.haml (1.8ms)
  Rendered groups/index.html.haml within layouts/application (28.1ms)
Completed 200 OK in 50ms (Views: 47.2ms | ActiveRecord: 0.0ms)


Started GET "/groups" for ::1 at 2019-07-09 13:14:24 +0900
Processing by GroupsController#index as HTML
  Rendering groups/index.html.haml within layouts/application
  Rendered groups/_side-header.html.haml (2.7ms)
  Rendered groups/_group.html.haml (1.9ms)
  Rendered groups/_main-header.html.haml (4.1ms)
  Rendered groups/_message.html.haml (2.4ms)
  Rendered groups/_form.html.haml (5.7ms)
  Rendered groups/index.html.haml within layouts/application (26.8ms)
Completed 200 OK in 49ms (Views: 46.5ms | ActiveRecord: 0.0ms)


  [1m[35m (0.4ms)[0m  [1m[35mSET NAMES utf8,  @@SESSION.sql_mode = CONCAT(CONCAT(@@sql_mode, ',STRICT_ALL_TABLES'), ',NO_AUTO_VALUE_ON_ZERO'),  @@SESSION.sql_auto_is_null = 0, @@SESSION.wait_timeout = 2147483[0m
  ↳ /Users/azumi/.rbenv/versions/2.3.1/bin/rake:23
  [1m[35m (13.6ms)[0m  [1m[35mCREATE TABLE `schema_migrations` (`version` varchar(255) NOT NULL PRIMARY KEY)[0m
  ↳ /Users/azumi/.rbenv/versions/2.3.1/bin/rake:23
  [1m[35m (15.8ms)[0m  [1m[35mCREATE TABLE `ar_internal_metadata` (`key` varchar(255) NOT NULL PRIMARY KEY, `value` varchar(255), `created_at` datetime NOT NULL, `updated_at` datetime NOT NULL)[0m
  ↳ /Users/azumi/.rbenv/versions/2.3.1/bin/rake:23
  [1m[35m (0.2ms)[0m  [1m[34mSELECT GET_LOCK('2456269710089556690', 0)[0m
  ↳ /Users/azumi/.rbenv/versions/2.3.1/bin/rake:23
  [1m[35m (0.2ms)[0m  [1m[34mSELECT `schema_migrations`.`version` FROM `schema_migrations` ORDER BY `schema_migrations`.`version` ASC[0m
  ↳ /Users/azumi/.rbenv/versions/2.3.1/bin/rake:23
Migrating to DeviseCreateUsers (20190709043320)
  [1m[35m (11.1ms)[0m  [1m[35mCREATE TABLE `users` (`id` bigint NOT NULL AUTO_INCREMENT PRIMARY KEY, `email` varchar(255) DEFAULT '' NOT NULL, `encrypted_password` varchar(255) DEFAULT '' NOT NULL, `reset_password_token` varchar(255), `reset_password_sent_at` datetime, `remember_created_at` datetime, `created_at` datetime NOT NULL, `updated_at` datetime NOT NULL)[0m
  ↳ db/migrate/20190709043320_devise_create_users.rb:5
  [1m[35m (9.4ms)[0m  [1m[35mCREATE UNIQUE INDEX `index_users_on_email`  ON `users` (`email`) [0m
  ↳ db/migrate/20190709043320_devise_create_users.rb:39
  [1m[35m (11.3ms)[0m  [1m[35mCREATE UNIQUE INDEX `index_users_on_reset_password_token`  ON `users` (`reset_password_token`) [0m
  ↳ db/migrate/20190709043320_devise_create_users.rb:40
  [1m[35m (0.2ms)[0m  [1m[35mBEGIN[0m
  ↳ /Users/azumi/.rbenv/versions/2.3.1/bin/rake:23
  [1m[36mActiveRecord::SchemaMigration Create (0.3ms)[0m  [1m[32mINSERT INTO `schema_migrations` (`version`) VALUES ('20190709043320')[0m
  ↳ /Users/azumi/.rbenv/versions/2.3.1/bin/rake:23
  [1m[35m (0.4ms)[0m  [1m[35mCOMMIT[0m
  ↳ /Users/azumi/.rbenv/versions/2.3.1/bin/rake:23
  [1m[36mActiveRecord::InternalMetadata Load (0.3ms)[0m  [1m[34mSELECT  `ar_internal_metadata`.* FROM `ar_internal_metadata` WHERE `ar_internal_metadata`.`key` = 'environment' LIMIT 1[0m
  ↳ /Users/azumi/.rbenv/versions/2.3.1/bin/rake:23
  [1m[35m (0.1ms)[0m  [1m[35mBEGIN[0m
  ↳ /Users/azumi/.rbenv/versions/2.3.1/bin/rake:23
  [1m[36mActiveRecord::InternalMetadata Create (0.2ms)[0m  [1m[32mINSERT INTO `ar_internal_metadata` (`key`, `value`, `created_at`, `updated_at`) VALUES ('environment', 'development', '2019-07-09 04:34:26', '2019-07-09 04:34:26')[0m
  ↳ /Users/azumi/.rbenv/versions/2.3.1/bin/rake:23
  [1m[35m (0.3ms)[0m  [1m[35mCOMMIT[0m
  ↳ /Users/azumi/.rbenv/versions/2.3.1/bin/rake:23
  [1m[35m (0.1ms)[0m  [1m[34mSELECT RELEASE_LOCK('2456269710089556690')[0m
  ↳ /Users/azumi/.rbenv/versions/2.3.1/bin/rake:23
  [1m[35m (0.1ms)[0m  [1m[34mSELECT `schema_migrations`.`version` FROM `schema_migrations` ORDER BY `schema_migrations`.`version` ASC[0m
  ↳ /Users/azumi/.rbenv/versions/2.3.1/bin/rake:23
  [1m[35m (0.5ms)[0m  [1m[35mSET NAMES utf8,  @@SESSION.sql_mode = CONCAT(CONCAT(@@sql_mode, ',STRICT_ALL_TABLES'), ',NO_AUTO_VALUE_ON_ZERO'),  @@SESSION.sql_auto_is_null = 0, @@SESSION.wait_timeout = 2147483[0m
  ↳ /Users/azumi/.rbenv/versions/2.3.1/bin/rake:23
  [1m[35m (0.2ms)[0m  [1m[34mSELECT `schema_migrations`.`version` FROM `schema_migrations` ORDER BY `schema_migrations`.`version` ASC[0m
  ↳ /Users/azumi/.rbenv/versions/2.3.1/bin/rake:23
  [1m[35m (0.1ms)[0m  [1m[34mSELECT `schema_migrations`.`version` FROM `schema_migrations` ORDER BY `schema_migrations`.`version` ASC[0m
  ↳ /Users/azumi/.rbenv/versions/2.3.1/bin/rake:23
  [1m[35m (0.1ms)[0m  [1m[34mSELECT `schema_migrations`.`version` FROM `schema_migrations` ORDER BY `schema_migrations`.`version` ASC[0m
  ↳ /Users/azumi/.rbenv/versions/2.3.1/bin/rake:23
  [1m[35m (0.1ms)[0m  [1m[34mSELECT GET_LOCK('2456269710089556690', 0)[0m
  ↳ /Users/azumi/.rbenv/versions/2.3.1/bin/rake:23
  [1m[35m (0.1ms)[0m  [1m[34mSELECT `schema_migrations`.`version` FROM `schema_migrations` ORDER BY `schema_migrations`.`version` ASC[0m
  ↳ /Users/azumi/.rbenv/versions/2.3.1/bin/rake:23
Migrating to DeviseCreateUsers (20190709043320)
  [1m[35m (10.2ms)[0m  [1m[35mDROP INDEX `index_users_on_reset_password_token` ON `users`[0m
  ↳ /Users/azumi/.rbenv/versions/2.3.1/bin/rake:23
  [1m[35m (8.7ms)[0m  [1m[35mDROP INDEX `index_users_on_email` ON `users`[0m
  ↳ /Users/azumi/.rbenv/versions/2.3.1/bin/rake:23
  [1m[35m (1.4ms)[0m  [1m[35mDROP TABLE `users`[0m
  ↳ /Users/azumi/.rbenv/versions/2.3.1/bin/rake:23
  [1m[36mActiveRecord::SchemaMigration Destroy (0.9ms)[0m  [1m[31mDELETE FROM `schema_migrations` WHERE `schema_migrations`.`version` = '20190709043320'[0m
  ↳ /Users/azumi/.rbenv/versions/2.3.1/bin/rake:23
  [1m[35m (0.1ms)[0m  [1m[34mSELECT RELEASE_LOCK('2456269710089556690')[0m
  ↳ /Users/azumi/.rbenv/versions/2.3.1/bin/rake:23
  [1m[35m (0.1ms)[0m  [1m[34mSELECT `schema_migrations`.`version` FROM `schema_migrations` ORDER BY `schema_migrations`.`version` ASC[0m
  ↳ /Users/azumi/.rbenv/versions/2.3.1/bin/rake:23
  [1m[35m (0.3ms)[0m  [1m[35mSET NAMES utf8,  @@SESSION.sql_mode = CONCAT(CONCAT(@@sql_mode, ',STRICT_ALL_TABLES'), ',NO_AUTO_VALUE_ON_ZERO'),  @@SESSION.sql_auto_is_null = 0, @@SESSION.wait_timeout = 2147483[0m
  ↳ /Users/azumi/.rbenv/versions/2.3.1/bin/rake:23
  [1m[35m (0.1ms)[0m  [1m[34mSELECT GET_LOCK('2456269710089556690', 0)[0m
  ↳ /Users/azumi/.rbenv/versions/2.3.1/bin/rake:23
  [1m[35m (0.1ms)[0m  [1m[34mSELECT `schema_migrations`.`version` FROM `schema_migrations` ORDER BY `schema_migrations`.`version` ASC[0m
  ↳ /Users/azumi/.rbenv/versions/2.3.1/bin/rake:23
Migrating to DeviseCreateUsers (20190709043320)
  [1m[35m (10.5ms)[0m  [1m[35mCREATE TABLE `users` (`id` bigint NOT NULL AUTO_INCREMENT PRIMARY KEY, `name` varchar(255) NOT NULL, `email` varchar(255) DEFAULT '' NOT NULL, `encrypted_password` varchar(255) DEFAULT '' NOT NULL, `reset_password_token` varchar(255), `reset_password_sent_at` datetime, `remember_created_at` datetime, `created_at` datetime NOT NULL, `updated_at` datetime NOT NULL,  INDEX `index_users_on_name`  (`name`))[0m
  ↳ db/migrate/20190709043320_devise_create_users.rb:5
  [1m[35m (8.4ms)[0m  [1m[35mCREATE UNIQUE INDEX `index_users_on_email`  ON `users` (`email`) [0m
  ↳ db/migrate/20190709043320_devise_create_users.rb:40
  [1m[35m (8.4ms)[0m  [1m[35mCREATE UNIQUE INDEX `index_users_on_reset_password_token`  ON `users` (`reset_password_token`) [0m
  ↳ db/migrate/20190709043320_devise_create_users.rb:41
  [1m[35m (0.2ms)[0m  [1m[35mBEGIN[0m
  ↳ /Users/azumi/.rbenv/versions/2.3.1/bin/rake:23
  [1m[36mActiveRecord::SchemaMigration Create (0.2ms)[0m  [1m[32mINSERT INTO `schema_migrations` (`version`) VALUES ('20190709043320')[0m
  ↳ /Users/azumi/.rbenv/versions/2.3.1/bin/rake:23
  [1m[35m (0.4ms)[0m  [1m[35mCOMMIT[0m
  ↳ /Users/azumi/.rbenv/versions/2.3.1/bin/rake:23
  [1m[36mActiveRecord::InternalMetadata Load (0.2ms)[0m  [1m[34mSELECT  `ar_internal_metadata`.* FROM `ar_internal_metadata` WHERE `ar_internal_metadata`.`key` = 'environment' LIMIT 1[0m
  ↳ /Users/azumi/.rbenv/versions/2.3.1/bin/rake:23
  [1m[35m (0.2ms)[0m  [1m[35mBEGIN[0m
  ↳ /Users/azumi/.rbenv/versions/2.3.1/bin/rake:23
  [1m[35m (0.1ms)[0m  [1m[35mCOMMIT[0m
  ↳ /Users/azumi/.rbenv/versions/2.3.1/bin/rake:23
  [1m[35m (0.2ms)[0m  [1m[34mSELECT RELEASE_LOCK('2456269710089556690')[0m
  ↳ /Users/azumi/.rbenv/versions/2.3.1/bin/rake:23
  [1m[35m (0.2ms)[0m  [1m[34mSELECT `schema_migrations`.`version` FROM `schema_migrations` ORDER BY `schema_migrations`.`version` ASC[0m
  ↳ /Users/azumi/.rbenv/versions/2.3.1/bin/rake:23
Started GET "/groups" for ::1 at 2019-07-09 13:40:05 +0900
  
NoMethodError (undefined method `devise' for User (call 'User.connection' to establish a connection):Class):
  
app/models/user.rb:4:in `<class:User>'
app/models/user.rb:1:in `<main>'
config/routes.rb:2:in `block in <main>'
config/routes.rb:1:in `<main>'
Started GET "/groups" for ::1 at 2019-07-09 13:42:39 +0900
  
NoMethodError (undefined method `devise' for User (call 'User.connection' to establish a connection):Class):
  
app/models/user.rb:4:in `<class:User>'
app/models/user.rb:1:in `<main>'
config/routes.rb:2:in `block in <main>'
config/routes.rb:1:in `<main>'
Started GET "/groups" for ::1 at 2019-07-09 13:49:54 +0900
  [1m[35m (0.3ms)[0m  [1m[35mSET NAMES utf8,  @@SESSION.sql_mode = CONCAT(CONCAT(@@sql_mode, ',STRICT_ALL_TABLES'), ',NO_AUTO_VALUE_ON_ZERO'),  @@SESSION.sql_auto_is_null = 0, @@SESSION.wait_timeout = 2147483[0m
  ↳ /Users/azumi/.rbenv/versions/2.3.1/lib/ruby/gems/2.3.0/gems/activerecord-5.2.3/lib/active_record/log_subscriber.rb:98
  [1m[35m (0.2ms)[0m  [1m[34mSELECT `schema_migrations`.`version` FROM `schema_migrations` ORDER BY `schema_migrations`.`version` ASC[0m
  ↳ /Users/azumi/.rbenv/versions/2.3.1/lib/ruby/gems/2.3.0/gems/activerecord-5.2.3/lib/active_record/log_subscriber.rb:98
  
ActionController::RoutingError (No route matches [GET] "/groups"):
  
actionpack (5.2.3) lib/action_dispatch/middleware/debug_exceptions.rb:65:in `call'
web-console (3.7.0) lib/web_console/middleware.rb:135:in `call_app'
web-console (3.7.0) lib/web_console/middleware.rb:30:in `block in call'
web-console (3.7.0) lib/web_console/middleware.rb:20:in `catch'
web-console (3.7.0) lib/web_console/middleware.rb:20:in `call'
actionpack (5.2.3) lib/action_dispatch/middleware/show_exceptions.rb:33:in `call'
railties (5.2.3) lib/rails/rack/logger.rb:38:in `call_app'
railties (5.2.3) lib/rails/rack/logger.rb:26:in `block in call'
activesupport (5.2.3) lib/active_support/tagged_logging.rb:71:in `block in tagged'
activesupport (5.2.3) lib/active_support/tagged_logging.rb:28:in `tagged'
activesupport (5.2.3) lib/active_support/tagged_logging.rb:71:in `tagged'
railties (5.2.3) lib/rails/rack/logger.rb:26:in `call'
sprockets-rails (3.2.1) lib/sprockets/rails/quiet_assets.rb:13:in `call'
actionpack (5.2.3) lib/action_dispatch/middleware/remote_ip.rb:81:in `call'
actionpack (5.2.3) lib/action_dispatch/middleware/request_id.rb:27:in `call'
rack (2.0.7) lib/rack/method_override.rb:22:in `call'
rack (2.0.7) lib/rack/runtime.rb:22:in `call'
activesupport (5.2.3) lib/active_support/cache/strategy/local_cache_middleware.rb:29:in `call'
actionpack (5.2.3) lib/action_dispatch/middleware/executor.rb:14:in `call'
actionpack (5.2.3) lib/action_dispatch/middleware/static.rb:127:in `call'
rack (2.0.7) lib/rack/sendfile.rb:111:in `call'
railties (5.2.3) lib/rails/engine.rb:524:in `call'
puma (3.12.1) lib/puma/configuration.rb:227:in `call'
puma (3.12.1) lib/puma/server.rb:660:in `handle_request'
puma (3.12.1) lib/puma/server.rb:474:in `process_client'
puma (3.12.1) lib/puma/server.rb:334:in `block in run'
puma (3.12.1) lib/puma/thread_pool.rb:135:in `block in spawn_thread'
Started GET "/groups" for ::1 at 2019-07-09 13:50:33 +0900
  [1m[35m (0.3ms)[0m  [1m[35mSET NAMES utf8,  @@SESSION.sql_mode = CONCAT(CONCAT(@@sql_mode, ',STRICT_ALL_TABLES'), ',NO_AUTO_VALUE_ON_ZERO'),  @@SESSION.sql_auto_is_null = 0, @@SESSION.wait_timeout = 2147483[0m
  ↳ /Users/azumi/.rbenv/versions/2.3.1/lib/ruby/gems/2.3.0/gems/activerecord-5.2.3/lib/active_record/log_subscriber.rb:98
  [1m[35m (0.3ms)[0m  [1m[34mSELECT `schema_migrations`.`version` FROM `schema_migrations` ORDER BY `schema_migrations`.`version` ASC[0m
  ↳ /Users/azumi/.rbenv/versions/2.3.1/lib/ruby/gems/2.3.0/gems/activerecord-5.2.3/lib/active_record/log_subscriber.rb:98
Processing by GroupsController#index as HTML
Completed 401 Unauthorized in 15ms (ActiveRecord: 0.0ms)


Started GET "/users/sign_in" for ::1 at 2019-07-09 13:50:33 +0900
Processing by Devise::SessionsController#new as HTML
  Rendering devise/sessions/new.html.haml within layouts/application
  Rendered devise/shared/_links.html.haml (1.6ms)
  Rendered devise/sessions/new.html.haml within layouts/application (14.4ms)
Completed 200 OK in 420ms (Views: 403.6ms | ActiveRecord: 5.6ms)


